{"/home/petrlomaev/frontend-project-46/src/index.js": {"path":"/home/petrlomaev/frontend-project-46/src/index.js","all":false,"statementMap":{"0":{"start":{"line":1,"column":0},"end":{"line":1,"column":37}},"1":{"start":{"line":2,"column":0},"end":{"line":2,"column":39}},"2":{"start":{"line":3,"column":0},"end":{"line":3,"column":49}},"3":{"start":{"line":4,"column":0},"end":{"line":4,"column":0}},"4":{"start":{"line":5,"column":0},"end":{"line":5,"column":59}},"5":{"start":{"line":6,"column":0},"end":{"line":6,"column":33}},"6":{"start":{"line":7,"column":0},"end":{"line":7,"column":0}},"7":{"start":{"line":8,"column":0},"end":{"line":8,"column":33}},"8":{"start":{"line":9,"column":0},"end":{"line":9,"column":0}},"9":{"start":{"line":10,"column":0},"end":{"line":10,"column":53}},"10":{"start":{"line":11,"column":0},"end":{"line":11,"column":0}},"11":{"start":{"line":12,"column":0},"end":{"line":12,"column":58}},"12":{"start":{"line":13,"column":0},"end":{"line":13,"column":16}},"13":{"start":{"line":14,"column":0},"end":{"line":14,"column":2}},"14":{"start":{"line":15,"column":0},"end":{"line":15,"column":0}},"15":{"start":{"line":16,"column":0},"end":{"line":16,"column":23}}},"s":{"0":1,"1":1,"2":1,"3":1,"4":1,"5":8,"6":8,"7":8,"8":8,"9":8,"10":8,"11":8,"12":8,"13":8,"14":1,"15":1},"branchMap":{"0":{"type":"branch","line":5,"loc":{"start":{"line":5,"column":16},"end":{"line":14,"column":2}},"locations":[{"start":{"line":5,"column":16},"end":{"line":14,"column":2}}]}},"b":{"0":[8]},"fnMap":{"0":{"name":"genDiff","decl":{"start":{"line":5,"column":16},"end":{"line":14,"column":2}},"loc":{"start":{"line":5,"column":16},"end":{"line":14,"column":2}},"line":5}},"f":{"0":8}}
,"/home/petrlomaev/frontend-project-46/src/parsers.js": {"path":"/home/petrlomaev/frontend-project-46/src/parsers.js","all":false,"statementMap":{"0":{"start":{"line":1,"column":0},"end":{"line":1,"column":20}},"1":{"start":{"line":2,"column":0},"end":{"line":2,"column":24}},"2":{"start":{"line":3,"column":0},"end":{"line":3,"column":27}},"3":{"start":{"line":4,"column":0},"end":{"line":4,"column":0}},"4":{"start":{"line":5,"column":0},"end":{"line":5,"column":33}},"5":{"start":{"line":6,"column":0},"end":{"line":6,"column":40}},"6":{"start":{"line":7,"column":0},"end":{"line":7,"column":44}},"7":{"start":{"line":8,"column":0},"end":{"line":8,"column":72}},"8":{"start":{"line":9,"column":0},"end":{"line":9,"column":50}},"9":{"start":{"line":10,"column":0},"end":{"line":10,"column":71}},"10":{"start":{"line":11,"column":0},"end":{"line":11,"column":3}},"11":{"start":{"line":12,"column":0},"end":{"line":12,"column":49}},"12":{"start":{"line":13,"column":0},"end":{"line":13,"column":2}},"13":{"start":{"line":14,"column":0},"end":{"line":14,"column":0}},"14":{"start":{"line":15,"column":0},"end":{"line":15,"column":25}}},"s":{"0":1,"1":1,"2":1,"3":1,"4":1,"5":16,"6":16,"7":8,"8":16,"9":8,"10":8,"11":0,"12":0,"13":1,"14":1},"branchMap":{"0":{"type":"branch","line":5,"loc":{"start":{"line":5,"column":19},"end":{"line":13,"column":2}},"locations":[{"start":{"line":5,"column":19},"end":{"line":13,"column":2}}]},"1":{"type":"branch","line":7,"loc":{"start":{"line":7,"column":24},"end":{"line":7,"column":41}},"locations":[{"start":{"line":7,"column":24},"end":{"line":7,"column":41}}]},"2":{"type":"branch","line":7,"loc":{"start":{"line":7,"column":43},"end":{"line":9,"column":47}},"locations":[{"start":{"line":7,"column":43},"end":{"line":9,"column":47}}]},"3":{"type":"branch","line":9,"loc":{"start":{"line":9,"column":49},"end":{"line":11,"column":3}},"locations":[{"start":{"line":9,"column":49},"end":{"line":11,"column":3}}]},"4":{"type":"branch","line":11,"loc":{"start":{"line":11,"column":2},"end":{"line":13,"column":2}},"locations":[{"start":{"line":11,"column":2},"end":{"line":13,"column":2}}]}},"b":{"0":[16],"1":[8],"2":[8],"3":[8],"4":[0]},"fnMap":{"0":{"name":"getParser","decl":{"start":{"line":5,"column":19},"end":{"line":13,"column":2}},"loc":{"start":{"line":5,"column":19},"end":{"line":13,"column":2}},"line":5}},"f":{"0":16}}
,"/home/petrlomaev/frontend-project-46/src/tools.js": {"path":"/home/petrlomaev/frontend-project-46/src/tools.js","all":false,"statementMap":{"0":{"start":{"line":1,"column":0},"end":{"line":1,"column":23}},"1":{"start":{"line":2,"column":0},"end":{"line":2,"column":0}},"2":{"start":{"line":3,"column":0},"end":{"line":3,"column":39}},"3":{"start":{"line":4,"column":0},"end":{"line":4,"column":34}},"4":{"start":{"line":5,"column":0},"end":{"line":5,"column":0}},"5":{"start":{"line":6,"column":0},"end":{"line":6,"column":34}},"6":{"start":{"line":7,"column":0},"end":{"line":7,"column":0}},"7":{"start":{"line":8,"column":0},"end":{"line":8,"column":47}},"8":{"start":{"line":9,"column":0},"end":{"line":9,"column":36}},"9":{"start":{"line":10,"column":0},"end":{"line":10,"column":31}},"10":{"start":{"line":11,"column":0},"end":{"line":11,"column":0}},"11":{"start":{"line":12,"column":0},"end":{"line":12,"column":31}},"12":{"start":{"line":13,"column":0},"end":{"line":13,"column":36}},"13":{"start":{"line":14,"column":0},"end":{"line":14,"column":14}},"14":{"start":{"line":15,"column":0},"end":{"line":15,"column":24}},"15":{"start":{"line":16,"column":0},"end":{"line":16,"column":12}},"16":{"start":{"line":17,"column":0},"end":{"line":17,"column":17}},"17":{"start":{"line":18,"column":0},"end":{"line":18,"column":8}},"18":{"start":{"line":19,"column":0},"end":{"line":19,"column":5}},"19":{"start":{"line":20,"column":0},"end":{"line":20,"column":36}},"20":{"start":{"line":21,"column":0},"end":{"line":21,"column":14}},"21":{"start":{"line":22,"column":0},"end":{"line":22,"column":22}},"22":{"start":{"line":23,"column":0},"end":{"line":23,"column":12}},"23":{"start":{"line":24,"column":0},"end":{"line":24,"column":17}},"24":{"start":{"line":25,"column":0},"end":{"line":25,"column":8}},"25":{"start":{"line":26,"column":0},"end":{"line":26,"column":5}},"26":{"start":{"line":27,"column":0},"end":{"line":27,"column":55}},"27":{"start":{"line":28,"column":0},"end":{"line":28,"column":14}},"28":{"start":{"line":29,"column":0},"end":{"line":29,"column":23}},"29":{"start":{"line":30,"column":0},"end":{"line":30,"column":12}},"30":{"start":{"line":31,"column":0},"end":{"line":31,"column":52}},"31":{"start":{"line":32,"column":0},"end":{"line":32,"column":8}},"32":{"start":{"line":33,"column":0},"end":{"line":33,"column":5}},"33":{"start":{"line":34,"column":0},"end":{"line":34,"column":34}},"34":{"start":{"line":35,"column":0},"end":{"line":35,"column":14}},"35":{"start":{"line":36,"column":0},"end":{"line":36,"column":24}},"36":{"start":{"line":37,"column":0},"end":{"line":37,"column":12}},"37":{"start":{"line":38,"column":0},"end":{"line":38,"column":17}},"38":{"start":{"line":39,"column":0},"end":{"line":39,"column":17}},"39":{"start":{"line":40,"column":0},"end":{"line":40,"column":8}},"40":{"start":{"line":41,"column":0},"end":{"line":41,"column":5}},"41":{"start":{"line":42,"column":0},"end":{"line":42,"column":12}},"42":{"start":{"line":43,"column":0},"end":{"line":43,"column":24}},"43":{"start":{"line":44,"column":0},"end":{"line":44,"column":10}},"44":{"start":{"line":45,"column":0},"end":{"line":45,"column":15}},"45":{"start":{"line":46,"column":0},"end":{"line":46,"column":6}},"46":{"start":{"line":47,"column":0},"end":{"line":47,"column":5}},"47":{"start":{"line":48,"column":0},"end":{"line":48,"column":16}},"48":{"start":{"line":49,"column":0},"end":{"line":49,"column":2}},"49":{"start":{"line":50,"column":0},"end":{"line":50,"column":0}},"50":{"start":{"line":51,"column":0},"end":{"line":51,"column":29}}},"s":{"0":1,"1":1,"2":1,"3":40,"4":40,"5":40,"6":40,"7":40,"8":40,"9":144,"10":144,"11":144,"12":144,"13":16,"14":16,"15":16,"16":16,"17":16,"18":16,"19":144,"20":40,"21":40,"22":40,"23":40,"24":40,"25":40,"26":144,"27":32,"28":32,"29":32,"30":32,"31":32,"32":32,"33":144,"34":32,"35":32,"36":32,"37":32,"38":32,"39":32,"40":32,"41":24,"42":24,"43":24,"44":24,"45":24,"46":40,"47":40,"48":40,"49":1,"50":1},"branchMap":{"0":{"type":"branch","line":3,"loc":{"start":{"line":3,"column":22},"end":{"line":49,"column":2}},"locations":[{"start":{"line":3,"column":22},"end":{"line":49,"column":2}}]},"1":{"type":"branch","line":9,"loc":{"start":{"line":9,"column":27},"end":{"line":47,"column":3}},"locations":[{"start":{"line":9,"column":27},"end":{"line":47,"column":3}}]},"2":{"type":"branch","line":13,"loc":{"start":{"line":13,"column":35},"end":{"line":19,"column":5}},"locations":[{"start":{"line":13,"column":35},"end":{"line":19,"column":5}}]},"3":{"type":"branch","line":19,"loc":{"start":{"line":19,"column":4},"end":{"line":20,"column":35}},"locations":[{"start":{"line":19,"column":4},"end":{"line":20,"column":35}}]},"4":{"type":"branch","line":20,"loc":{"start":{"line":20,"column":35},"end":{"line":26,"column":5}},"locations":[{"start":{"line":20,"column":35},"end":{"line":26,"column":5}}]},"5":{"type":"branch","line":26,"loc":{"start":{"line":26,"column":4},"end":{"line":27,"column":32}},"locations":[{"start":{"line":26,"column":4},"end":{"line":27,"column":32}}]},"6":{"type":"branch","line":27,"loc":{"start":{"line":27,"column":28},"end":{"line":27,"column":52}},"locations":[{"start":{"line":27,"column":28},"end":{"line":27,"column":52}}]},"7":{"type":"branch","line":27,"loc":{"start":{"line":27,"column":54},"end":{"line":33,"column":5}},"locations":[{"start":{"line":27,"column":54},"end":{"line":33,"column":5}}]},"8":{"type":"branch","line":33,"loc":{"start":{"line":33,"column":4},"end":{"line":34,"column":33}},"locations":[{"start":{"line":33,"column":4},"end":{"line":34,"column":33}}]},"9":{"type":"branch","line":34,"loc":{"start":{"line":34,"column":33},"end":{"line":41,"column":5}},"locations":[{"start":{"line":34,"column":33},"end":{"line":41,"column":5}}]},"10":{"type":"branch","line":41,"loc":{"start":{"line":41,"column":4},"end":{"line":47,"column":3}},"locations":[{"start":{"line":41,"column":4},"end":{"line":47,"column":3}}]}},"b":{"0":[40],"1":[144],"2":[16],"3":[128],"4":[40],"5":[88],"6":[40],"7":[32],"8":[56],"9":[32],"10":[24]},"fnMap":{"0":{"name":"getDiffObject","decl":{"start":{"line":3,"column":22},"end":{"line":49,"column":2}},"loc":{"start":{"line":3,"column":22},"end":{"line":49,"column":2}},"line":3}},"f":{"0":40}}
,"/home/petrlomaev/frontend-project-46/src/formatters/index.js": {"path":"/home/petrlomaev/frontend-project-46/src/formatters/index.js","all":false,"statementMap":{"0":{"start":{"line":1,"column":0},"end":{"line":1,"column":38}},"1":{"start":{"line":2,"column":0},"end":{"line":2,"column":34}},"2":{"start":{"line":3,"column":0},"end":{"line":3,"column":0}},"3":{"start":{"line":4,"column":0},"end":{"line":4,"column":56}},"4":{"start":{"line":5,"column":0},"end":{"line":5,"column":23}},"5":{"start":{"line":6,"column":0},"end":{"line":6,"column":19}},"6":{"start":{"line":7,"column":0},"end":{"line":7,"column":30}},"7":{"start":{"line":8,"column":0},"end":{"line":8,"column":17}},"8":{"start":{"line":9,"column":0},"end":{"line":9,"column":28}},"9":{"start":{"line":10,"column":0},"end":{"line":10,"column":16}},"10":{"start":{"line":11,"column":0},"end":{"line":11,"column":34}},"11":{"start":{"line":12,"column":0},"end":{"line":12,"column":12}},"12":{"start":{"line":13,"column":0},"end":{"line":13,"column":59}},"13":{"start":{"line":14,"column":0},"end":{"line":14,"column":3}},"14":{"start":{"line":15,"column":0},"end":{"line":15,"column":2}},"15":{"start":{"line":16,"column":0},"end":{"line":16,"column":28}}},"s":{"0":1,"1":1,"2":1,"3":1,"4":8,"5":8,"6":4,"7":8,"8":2,"9":8,"10":2,"11":8,"12":0,"13":8,"14":8,"15":1},"branchMap":{"0":{"type":"branch","line":4,"loc":{"start":{"line":4,"column":21},"end":{"line":15,"column":2}},"locations":[{"start":{"line":4,"column":21},"end":{"line":15,"column":2}}]},"1":{"type":"branch","line":6,"loc":{"start":{"line":6,"column":4},"end":{"line":7,"column":30}},"locations":[{"start":{"line":6,"column":4},"end":{"line":7,"column":30}}]},"2":{"type":"branch","line":8,"loc":{"start":{"line":8,"column":4},"end":{"line":9,"column":28}},"locations":[{"start":{"line":8,"column":4},"end":{"line":9,"column":28}}]},"3":{"type":"branch","line":10,"loc":{"start":{"line":10,"column":4},"end":{"line":11,"column":34}},"locations":[{"start":{"line":10,"column":4},"end":{"line":11,"column":34}}]},"4":{"type":"branch","line":12,"loc":{"start":{"line":12,"column":4},"end":{"line":13,"column":59}},"locations":[{"start":{"line":12,"column":4},"end":{"line":13,"column":59}}]}},"b":{"0":[8],"1":[4],"2":[2],"3":[2],"4":[0]},"fnMap":{"0":{"name":"diffToFormat","decl":{"start":{"line":4,"column":21},"end":{"line":15,"column":2}},"loc":{"start":{"line":4,"column":21},"end":{"line":15,"column":2}},"line":4}},"f":{"0":8}}
,"/home/petrlomaev/frontend-project-46/src/formatters/plain.js": {"path":"/home/petrlomaev/frontend-project-46/src/formatters/plain.js","all":false,"statementMap":{"0":{"start":{"line":1,"column":0},"end":{"line":1,"column":23}},"1":{"start":{"line":2,"column":0},"end":{"line":2,"column":0}},"2":{"start":{"line":3,"column":0},"end":{"line":3,"column":32}},"3":{"start":{"line":4,"column":0},"end":{"line":4,"column":25}},"4":{"start":{"line":5,"column":0},"end":{"line":5,"column":29}},"5":{"start":{"line":6,"column":0},"end":{"line":6,"column":3}},"6":{"start":{"line":7,"column":0},"end":{"line":7,"column":33}},"7":{"start":{"line":8,"column":0},"end":{"line":8,"column":23}},"8":{"start":{"line":9,"column":0},"end":{"line":9,"column":3}},"9":{"start":{"line":10,"column":0},"end":{"line":10,"column":19}},"10":{"start":{"line":11,"column":0},"end":{"line":11,"column":2}},"11":{"start":{"line":12,"column":0},"end":{"line":12,"column":0}},"12":{"start":{"line":13,"column":0},"end":{"line":13,"column":28}},"13":{"start":{"line":14,"column":0},"end":{"line":14,"column":35}},"14":{"start":{"line":15,"column":0},"end":{"line":15,"column":43}},"15":{"start":{"line":16,"column":0},"end":{"line":16,"column":54}},"16":{"start":{"line":17,"column":0},"end":{"line":17,"column":27}},"17":{"start":{"line":18,"column":0},"end":{"line":18,"column":23}},"18":{"start":{"line":19,"column":0},"end":{"line":19,"column":59}},"19":{"start":{"line":20,"column":0},"end":{"line":20,"column":21}},"20":{"start":{"line":21,"column":0},"end":{"line":21,"column":101}},"21":{"start":{"line":22,"column":0},"end":{"line":22,"column":22}},"22":{"start":{"line":23,"column":0},"end":{"line":23,"column":59}},"23":{"start":{"line":24,"column":0},"end":{"line":24,"column":23}},"24":{"start":{"line":25,"column":0},"end":{"line":25,"column":132}},"25":{"start":{"line":26,"column":0},"end":{"line":26,"column":16}},"26":{"start":{"line":27,"column":0},"end":{"line":27,"column":22}},"27":{"start":{"line":28,"column":0},"end":{"line":28,"column":7}},"28":{"start":{"line":29,"column":0},"end":{"line":29,"column":7}},"29":{"start":{"line":30,"column":0},"end":{"line":30,"column":61}},"30":{"start":{"line":31,"column":0},"end":{"line":31,"column":4}},"31":{"start":{"line":32,"column":0},"end":{"line":32,"column":24}},"32":{"start":{"line":33,"column":0},"end":{"line":33,"column":2}},"33":{"start":{"line":34,"column":0},"end":{"line":34,"column":24}}},"s":{"0":1,"1":1,"2":1,"3":26,"4":6,"5":6,"6":26,"7":14,"8":14,"9":6,"10":6,"11":1,"12":1,"13":2,"14":10,"15":36,"16":36,"17":36,"18":4,"19":36,"20":10,"21":36,"22":8,"23":36,"24":8,"25":36,"26":6,"27":36,"28":10,"29":10,"30":2,"31":2,"32":2,"33":1},"branchMap":{"0":{"type":"branch","line":3,"loc":{"start":{"line":3,"column":22},"end":{"line":11,"column":2}},"locations":[{"start":{"line":3,"column":22},"end":{"line":11,"column":2}}]},"1":{"type":"branch","line":4,"loc":{"start":{"line":4,"column":24},"end":{"line":6,"column":3}},"locations":[{"start":{"line":4,"column":24},"end":{"line":6,"column":3}}]},"2":{"type":"branch","line":6,"loc":{"start":{"line":6,"column":2},"end":{"line":7,"column":32}},"locations":[{"start":{"line":6,"column":2},"end":{"line":7,"column":32}}]},"3":{"type":"branch","line":7,"loc":{"start":{"line":7,"column":32},"end":{"line":9,"column":3}},"locations":[{"start":{"line":7,"column":32},"end":{"line":9,"column":3}}]},"4":{"type":"branch","line":9,"loc":{"start":{"line":9,"column":2},"end":{"line":11,"column":2}},"locations":[{"start":{"line":9,"column":2},"end":{"line":11,"column":2}}]},"5":{"type":"branch","line":13,"loc":{"start":{"line":13,"column":18},"end":{"line":33,"column":2}},"locations":[{"start":{"line":13,"column":18},"end":{"line":33,"column":2}}]},"6":{"type":"branch","line":14,"loc":{"start":{"line":14,"column":15},"end":{"line":31,"column":3}},"locations":[{"start":{"line":14,"column":15},"end":{"line":31,"column":3}}]},"7":{"type":"branch","line":15,"loc":{"start":{"line":15,"column":32},"end":{"line":29,"column":5}},"locations":[{"start":{"line":15,"column":32},"end":{"line":29,"column":5}}]},"8":{"type":"branch","line":18,"loc":{"start":{"line":18,"column":8},"end":{"line":19,"column":59}},"locations":[{"start":{"line":18,"column":8},"end":{"line":19,"column":59}}]},"9":{"type":"branch","line":20,"loc":{"start":{"line":20,"column":8},"end":{"line":21,"column":101}},"locations":[{"start":{"line":20,"column":8},"end":{"line":21,"column":101}}]},"10":{"type":"branch","line":22,"loc":{"start":{"line":22,"column":8},"end":{"line":23,"column":59}},"locations":[{"start":{"line":22,"column":8},"end":{"line":23,"column":59}}]},"11":{"type":"branch","line":24,"loc":{"start":{"line":24,"column":8},"end":{"line":25,"column":132}},"locations":[{"start":{"line":24,"column":8},"end":{"line":25,"column":132}}]},"12":{"type":"branch","line":26,"loc":{"start":{"line":26,"column":8},"end":{"line":27,"column":22}},"locations":[{"start":{"line":26,"column":8},"end":{"line":27,"column":22}}]},"13":{"type":"branch","line":30,"loc":{"start":{"line":30,"column":26},"end":{"line":30,"column":48}},"locations":[{"start":{"line":30,"column":26},"end":{"line":30,"column":48}}]}},"b":{"0":[26],"1":[6],"2":[20],"3":[14],"4":[6],"5":[2],"6":[10],"7":[36],"8":[4],"9":[10],"10":[8],"11":[8],"12":[6],"13":[36]},"fnMap":{"0":{"name":"elemToString","decl":{"start":{"line":3,"column":22},"end":{"line":11,"column":2}},"loc":{"start":{"line":3,"column":22},"end":{"line":11,"column":2}},"line":3},"1":{"name":"genPlain","decl":{"start":{"line":13,"column":18},"end":{"line":33,"column":2}},"loc":{"start":{"line":13,"column":18},"end":{"line":33,"column":2}},"line":13},"2":{"name":"iter","decl":{"start":{"line":14,"column":15},"end":{"line":31,"column":3}},"loc":{"start":{"line":14,"column":15},"end":{"line":31,"column":3}},"line":14}},"f":{"0":26,"1":2,"2":10}}
,"/home/petrlomaev/frontend-project-46/src/formatters/stylish.js": {"path":"/home/petrlomaev/frontend-project-46/src/formatters/stylish.js","all":false,"statementMap":{"0":{"start":{"line":1,"column":0},"end":{"line":1,"column":23}},"1":{"start":{"line":2,"column":0},"end":{"line":2,"column":0}},"2":{"start":{"line":3,"column":0},"end":{"line":3,"column":29}},"3":{"start":{"line":4,"column":0},"end":{"line":4,"column":23}},"4":{"start":{"line":5,"column":0},"end":{"line":5,"column":20}},"5":{"start":{"line":6,"column":0},"end":{"line":6,"column":14}},"6":{"start":{"line":7,"column":0},"end":{"line":7,"column":3}},"7":{"start":{"line":8,"column":0},"end":{"line":8,"column":29}},"8":{"start":{"line":9,"column":0},"end":{"line":9,"column":2}},"9":{"start":{"line":10,"column":0},"end":{"line":10,"column":0}},"10":{"start":{"line":11,"column":0},"end":{"line":11,"column":37}},"11":{"start":{"line":12,"column":0},"end":{"line":12,"column":41}},"12":{"start":{"line":13,"column":0},"end":{"line":13,"column":36}},"13":{"start":{"line":14,"column":0},"end":{"line":14,"column":31}},"14":{"start":{"line":15,"column":0},"end":{"line":15,"column":5}},"15":{"start":{"line":16,"column":0},"end":{"line":16,"column":128}},"16":{"start":{"line":17,"column":0},"end":{"line":17,"column":65}},"17":{"start":{"line":18,"column":0},"end":{"line":18,"column":4}},"18":{"start":{"line":19,"column":0},"end":{"line":19,"column":28}},"19":{"start":{"line":20,"column":0},"end":{"line":20,"column":2}},"20":{"start":{"line":21,"column":0},"end":{"line":21,"column":0}},"21":{"start":{"line":22,"column":0},"end":{"line":22,"column":30}},"22":{"start":{"line":23,"column":0},"end":{"line":23,"column":32}},"23":{"start":{"line":24,"column":0},"end":{"line":24,"column":39}},"24":{"start":{"line":25,"column":0},"end":{"line":25,"column":27}},"25":{"start":{"line":26,"column":0},"end":{"line":26,"column":23}},"26":{"start":{"line":27,"column":0},"end":{"line":27,"column":91}},"27":{"start":{"line":28,"column":0},"end":{"line":28,"column":21}},"28":{"start":{"line":29,"column":0},"end":{"line":29,"column":91}},"29":{"start":{"line":30,"column":0},"end":{"line":30,"column":22}},"30":{"start":{"line":31,"column":0},"end":{"line":31,"column":90}},"31":{"start":{"line":32,"column":0},"end":{"line":32,"column":23}},"32":{"start":{"line":33,"column":0},"end":{"line":33,"column":164}},"33":{"start":{"line":34,"column":0},"end":{"line":34,"column":16}},"34":{"start":{"line":35,"column":0},"end":{"line":35,"column":91}},"35":{"start":{"line":36,"column":0},"end":{"line":36,"column":7}},"36":{"start":{"line":37,"column":0},"end":{"line":37,"column":7}},"37":{"start":{"line":38,"column":0},"end":{"line":38,"column":62}},"38":{"start":{"line":39,"column":0},"end":{"line":39,"column":4}},"39":{"start":{"line":40,"column":0},"end":{"line":40,"column":23}},"40":{"start":{"line":41,"column":0},"end":{"line":41,"column":2}},"41":{"start":{"line":42,"column":0},"end":{"line":42,"column":0}},"42":{"start":{"line":43,"column":0},"end":{"line":43,"column":26}}},"s":{"0":1,"1":1,"2":1,"3":172,"4":172,"5":20,"6":20,"7":152,"8":152,"9":1,"10":1,"11":72,"12":108,"13":80,"14":80,"15":28,"16":28,"17":72,"18":72,"19":72,"20":1,"21":1,"22":4,"23":20,"24":72,"25":72,"26":8,"27":72,"28":20,"29":72,"30":16,"31":72,"32":16,"33":72,"34":12,"35":72,"36":20,"37":20,"38":4,"39":4,"40":4,"41":1,"42":1},"branchMap":{"0":{"type":"branch","line":3,"loc":{"start":{"line":3,"column":18},"end":{"line":9,"column":2}},"locations":[{"start":{"line":3,"column":18},"end":{"line":9,"column":2}}]},"1":{"type":"branch","line":5,"loc":{"start":{"line":5,"column":19},"end":{"line":7,"column":3}},"locations":[{"start":{"line":5,"column":19},"end":{"line":7,"column":3}}]},"2":{"type":"branch","line":7,"loc":{"start":{"line":7,"column":2},"end":{"line":9,"column":2}},"locations":[{"start":{"line":7,"column":2},"end":{"line":9,"column":2}}]},"3":{"type":"branch","line":11,"loc":{"start":{"line":11,"column":18},"end":{"line":20,"column":2}},"locations":[{"start":{"line":11,"column":18},"end":{"line":20,"column":2}}]},"4":{"type":"branch","line":12,"loc":{"start":{"line":12,"column":15},"end":{"line":18,"column":3}},"locations":[{"start":{"line":12,"column":15},"end":{"line":18,"column":3}}]},"5":{"type":"branch","line":13,"loc":{"start":{"line":13,"column":35},"end":{"line":15,"column":5}},"locations":[{"start":{"line":13,"column":35},"end":{"line":15,"column":5}}]},"6":{"type":"branch","line":15,"loc":{"start":{"line":15,"column":4},"end":{"line":18,"column":3}},"locations":[{"start":{"line":15,"column":4},"end":{"line":18,"column":3}}]},"7":{"type":"branch","line":16,"loc":{"start":{"line":16,"column":51},"end":{"line":16,"column":126}},"locations":[{"start":{"line":16,"column":51},"end":{"line":16,"column":126}}]},"8":{"type":"branch","line":22,"loc":{"start":{"line":22,"column":20},"end":{"line":41,"column":2}},"locations":[{"start":{"line":22,"column":20},"end":{"line":41,"column":2}}]},"9":{"type":"branch","line":23,"loc":{"start":{"line":23,"column":15},"end":{"line":39,"column":3}},"locations":[{"start":{"line":23,"column":15},"end":{"line":39,"column":3}}]},"10":{"type":"branch","line":24,"loc":{"start":{"line":24,"column":28},"end":{"line":37,"column":5}},"locations":[{"start":{"line":24,"column":28},"end":{"line":37,"column":5}}]},"11":{"type":"branch","line":26,"loc":{"start":{"line":26,"column":8},"end":{"line":27,"column":91}},"locations":[{"start":{"line":26,"column":8},"end":{"line":27,"column":91}}]},"12":{"type":"branch","line":28,"loc":{"start":{"line":28,"column":8},"end":{"line":29,"column":91}},"locations":[{"start":{"line":28,"column":8},"end":{"line":29,"column":91}}]},"13":{"type":"branch","line":30,"loc":{"start":{"line":30,"column":8},"end":{"line":31,"column":90}},"locations":[{"start":{"line":30,"column":8},"end":{"line":31,"column":90}}]},"14":{"type":"branch","line":32,"loc":{"start":{"line":32,"column":8},"end":{"line":33,"column":164}},"locations":[{"start":{"line":32,"column":8},"end":{"line":33,"column":164}}]},"15":{"type":"branch","line":34,"loc":{"start":{"line":34,"column":8},"end":{"line":35,"column":91}},"locations":[{"start":{"line":34,"column":8},"end":{"line":35,"column":91}}]}},"b":{"0":[172],"1":[20],"2":[152],"3":[72],"4":[108],"5":[80],"6":[28],"7":[36],"8":[4],"9":[20],"10":[72],"11":[8],"12":[20],"13":[16],"14":[16],"15":[12]},"fnMap":{"0":{"name":"getSpace","decl":{"start":{"line":3,"column":18},"end":{"line":9,"column":2}},"loc":{"start":{"line":3,"column":18},"end":{"line":9,"column":2}},"line":3},"1":{"name":"stringify","decl":{"start":{"line":11,"column":18},"end":{"line":20,"column":2}},"loc":{"start":{"line":11,"column":18},"end":{"line":20,"column":2}},"line":11},"2":{"name":"iter","decl":{"start":{"line":12,"column":15},"end":{"line":18,"column":3}},"loc":{"start":{"line":12,"column":15},"end":{"line":18,"column":3}},"line":12},"3":{"name":"genStylish","decl":{"start":{"line":22,"column":20},"end":{"line":41,"column":2}},"loc":{"start":{"line":22,"column":20},"end":{"line":41,"column":2}},"line":22},"4":{"name":"iter","decl":{"start":{"line":23,"column":15},"end":{"line":39,"column":3}},"loc":{"start":{"line":23,"column":15},"end":{"line":39,"column":3}},"line":23}},"f":{"0":172,"1":72,"2":108,"3":4,"4":20}}
}
