TN:
SF:src/index.js
FN:5,genDiff
FNF:1
FNH:1
FNDA:8,genDiff
DA:1,1
DA:2,1
DA:3,1
DA:4,1
DA:5,1
DA:6,8
DA:7,8
DA:8,8
DA:9,8
DA:10,8
DA:11,8
DA:12,8
DA:13,8
DA:14,8
DA:15,1
DA:16,1
LF:16
LH:16
BRDA:5,0,0,8
BRF:1
BRH:1
end_of_record
TN:
SF:src/parsers.js
FN:5,getParser
FNF:1
FNH:1
FNDA:16,getParser
DA:1,1
DA:2,1
DA:3,1
DA:4,1
DA:5,1
DA:6,16
DA:7,16
DA:8,8
DA:9,16
DA:10,8
DA:11,8
DA:12,0
DA:13,0
DA:14,1
DA:15,1
LF:15
LH:13
BRDA:5,0,0,16
BRDA:7,1,0,8
BRDA:7,2,0,8
BRDA:9,3,0,8
BRDA:11,4,0,0
BRF:5
BRH:4
end_of_record
TN:
SF:src/tools.js
FN:3,getDiffObject
FNF:1
FNH:1
FNDA:40,getDiffObject
DA:1,1
DA:2,1
DA:3,1
DA:4,40
DA:5,40
DA:6,40
DA:7,40
DA:8,40
DA:9,40
DA:10,144
DA:11,144
DA:12,144
DA:13,144
DA:14,16
DA:15,16
DA:16,16
DA:17,16
DA:18,16
DA:19,16
DA:20,144
DA:21,40
DA:22,40
DA:23,40
DA:24,40
DA:25,40
DA:26,40
DA:27,144
DA:28,32
DA:29,32
DA:30,32
DA:31,32
DA:32,32
DA:33,32
DA:34,144
DA:35,32
DA:36,32
DA:37,32
DA:38,32
DA:39,32
DA:40,32
DA:41,32
DA:42,24
DA:43,24
DA:44,24
DA:45,24
DA:46,24
DA:47,40
DA:48,40
DA:49,40
DA:50,1
DA:51,1
LF:51
LH:51
BRDA:3,0,0,40
BRDA:9,1,0,144
BRDA:13,2,0,16
BRDA:19,3,0,128
BRDA:20,4,0,40
BRDA:26,5,0,88
BRDA:27,6,0,40
BRDA:27,7,0,32
BRDA:33,8,0,56
BRDA:34,9,0,32
BRDA:41,10,0,24
BRF:11
BRH:11
end_of_record
TN:
SF:src/formatters/index.js
FN:4,diffToFormat
FNF:1
FNH:1
FNDA:8,diffToFormat
DA:1,1
DA:2,1
DA:3,1
DA:4,1
DA:5,8
DA:6,8
DA:7,4
DA:8,8
DA:9,2
DA:10,8
DA:11,2
DA:12,8
DA:13,0
DA:14,8
DA:15,8
DA:16,1
LF:16
LH:15
BRDA:4,0,0,8
BRDA:6,1,0,4
BRDA:8,2,0,2
BRDA:10,3,0,2
BRDA:12,4,0,0
BRF:5
BRH:4
end_of_record
TN:
SF:src/formatters/plain.js
FN:3,elemToString
FN:13,genPlain
FN:14,iter
FNF:3
FNH:3
FNDA:26,elemToString
FNDA:2,genPlain
FNDA:10,iter
DA:1,1
DA:2,1
DA:3,1
DA:4,26
DA:5,6
DA:6,6
DA:7,26
DA:8,14
DA:9,14
DA:10,6
DA:11,6
DA:12,1
DA:13,1
DA:14,2
DA:15,10
DA:16,36
DA:17,36
DA:18,36
DA:19,4
DA:20,36
DA:21,10
DA:22,36
DA:23,8
DA:24,36
DA:25,8
DA:26,36
DA:27,6
DA:28,36
DA:29,10
DA:30,10
DA:31,2
DA:32,2
DA:33,2
DA:34,1
LF:34
LH:34
BRDA:3,0,0,26
BRDA:4,1,0,6
BRDA:6,2,0,20
BRDA:7,3,0,14
BRDA:9,4,0,6
BRDA:13,5,0,2
BRDA:14,6,0,10
BRDA:15,7,0,36
BRDA:18,8,0,4
BRDA:20,9,0,10
BRDA:22,10,0,8
BRDA:24,11,0,8
BRDA:26,12,0,6
BRDA:30,13,0,36
BRF:14
BRH:14
end_of_record
TN:
SF:src/formatters/stylish.js
FN:3,getSpace
FN:11,stringify
FN:12,iter
FN:22,genStylish
FN:23,iter
FNF:5
FNH:5
FNDA:172,getSpace
FNDA:72,stringify
FNDA:108,iter
FNDA:4,genStylish
FNDA:20,iter
DA:1,1
DA:2,1
DA:3,1
DA:4,172
DA:5,172
DA:6,20
DA:7,20
DA:8,152
DA:9,152
DA:10,1
DA:11,1
DA:12,72
DA:13,108
DA:14,80
DA:15,80
DA:16,28
DA:17,28
DA:18,72
DA:19,72
DA:20,72
DA:21,1
DA:22,1
DA:23,4
DA:24,20
DA:25,72
DA:26,72
DA:27,8
DA:28,72
DA:29,20
DA:30,72
DA:31,16
DA:32,72
DA:33,16
DA:34,72
DA:35,12
DA:36,72
DA:37,20
DA:38,20
DA:39,4
DA:40,4
DA:41,4
DA:42,1
DA:43,1
LF:43
LH:43
BRDA:3,0,0,172
BRDA:5,1,0,20
BRDA:7,2,0,152
BRDA:11,3,0,72
BRDA:12,4,0,108
BRDA:13,5,0,80
BRDA:15,6,0,28
BRDA:16,7,0,36
BRDA:22,8,0,4
BRDA:23,9,0,20
BRDA:24,10,0,72
BRDA:26,11,0,8
BRDA:28,12,0,20
BRDA:30,13,0,16
BRDA:32,14,0,16
BRDA:34,15,0,12
BRF:16
BRH:16
end_of_record
